C51 COMPILER V9.03   HOT                                                                   06/30/2015 16:53:24 PAGE 1   


C51 COMPILER V9.03, COMPILATION OF MODULE HOT
OBJECT MODULE PLACED IN .\output\hot.obj
COMPILER INVOKED BY: D:\Keil\C51\BIN\C51.EXE hot.c BROWSE DEBUG OBJECTEXTEND OBJECT(.\output\hot.obj)

line level    source

*** WARNING C500 IN LINE 1 OF hot.c: LICENSE ERROR (R208: RENEW LICENSE ID CODE (LIC))

   1          #include <STC12C5A60S2.H>
   2          sbit led = P4^4;
   3          sbit hot = P1^0;
   4          void delay(int t)
   5          {
   6   1       int y;
   7   1       while(t--)
   8   1       {
   9   2              y=200;
  10   2              while(y--);
  11   2       }
  12   1      }
  13          
  14          void main()
  15          {
  16   1              P4SW=0x70;
  17   1              P4 = 0x00;
  18   1              while(1)
  19   1              {
  20   2                      if(hot==1)
  21   2                      {
  22   3                       led = 1;
  23   3                      }       
  24   2                      else
  25   2                      {
  26   3                       led = 0;
  27   3                      }
  28   2              }       
  29   1      }


MODULE INFORMATION:   STATIC OVERLAYABLE
   CODE SIZE        =     44    ----
   CONSTANT SIZE    =   ----    ----
   XDATA SIZE       =   ----    ----
   PDATA SIZE       =   ----    ----
   DATA SIZE        =   ----    ----
   IDATA SIZE       =   ----    ----
   BIT SIZE         =   ----    ----
END OF MODULE INFORMATION.


C51 COMPILATION COMPLETE.  1 WARNING(S),  0 ERROR(S)
